2025-09-10 17:34:06,852 - INFO - Starting enhanced historical data scan...
2025-09-10 17:34:06,852 - INFO - Processing EURUSD M1 from ./data/EURUSD_M1.csv
2025-09-10 17:34:06,855 - ERROR - Missing required columns in ./data/EURUSD_M1.csv
2025-09-10 17:34:06,855 - WARNING - No data loaded from ./data/EURUSD_M1.csv
2025-09-10 17:34:06,855 - WARNING - No results to save
2025-09-10 17:34:06,855 - INFO - Enhanced historical scan completed
2025-09-10 17:35:04,004 - INFO - Starting enhanced historical data scan...
2025-09-10 17:35:04,004 - INFO - Processing USDJPY M15 from ./data/USDJPY_M15.csv
2025-09-10 17:35:04,009 - ERROR - Missing required columns in ./data/USDJPY_M15.csv
2025-09-10 17:35:04,009 - WARNING - No data loaded from ./data/USDJPY_M15.csv
2025-09-10 17:35:04,009 - INFO - Processing EURUSD M5 from ./data/EURUSD_M5.csv
2025-09-10 17:35:04,016 - ERROR - Missing required columns in ./data/EURUSD_M5.csv
2025-09-10 17:35:04,017 - WARNING - No data loaded from ./data/EURUSD_M5.csv
2025-09-10 17:35:04,017 - INFO - Processing USDJPY M1 from ./data/USDJPY_M1.csv
2025-09-10 17:35:04,043 - ERROR - Missing required columns in ./data/USDJPY_M1.csv
2025-09-10 17:35:04,044 - WARNING - No data loaded from ./data/USDJPY_M1.csv
2025-09-10 17:35:04,044 - INFO - Processing USDJPY D1 from ./data/USDJPY_D1.csv
2025-09-10 17:35:04,045 - ERROR - Missing required columns in ./data/USDJPY_D1.csv
2025-09-10 17:35:04,045 - WARNING - No data loaded from ./data/USDJPY_D1.csv
2025-09-10 17:35:04,045 - INFO - Processing GBPUSD M1 from ./data/GBPUSD_M1.csv
2025-09-10 17:35:04,072 - ERROR - Missing required columns in ./data/GBPUSD_M1.csv
2025-09-10 17:35:04,072 - WARNING - No data loaded from ./data/GBPUSD_M1.csv
2025-09-10 17:35:04,072 - INFO - Processing EURUSD H4 from ./data/EURUSD_H4.csv
2025-09-10 17:35:04,073 - ERROR - Missing required columns in ./data/EURUSD_H4.csv
2025-09-10 17:35:04,074 - WARNING - No data loaded from ./data/EURUSD_H4.csv
2025-09-10 17:35:04,074 - INFO - Processing EURUSD M15 from ./data/EURUSD_M15.csv
2025-09-10 17:35:04,076 - ERROR - Missing required columns in ./data/EURUSD_M15.csv
2025-09-10 17:35:04,077 - WARNING - No data loaded from ./data/EURUSD_M15.csv
2025-09-10 17:35:04,077 - INFO - Processing EURUSD D1 from ./data/EURUSD_D1.csv
2025-09-10 17:35:04,078 - ERROR - Missing required columns in ./data/EURUSD_D1.csv
2025-09-10 17:35:04,078 - WARNING - No data loaded from ./data/EURUSD_D1.csv
2025-09-10 17:35:04,078 - INFO - Processing GBPUSD M5 from ./data/GBPUSD_M5.csv
2025-09-10 17:35:04,085 - ERROR - Missing required columns in ./data/GBPUSD_M5.csv
2025-09-10 17:35:04,085 - WARNING - No data loaded from ./data/GBPUSD_M5.csv
2025-09-10 17:35:04,085 - INFO - Processing GBPUSD D1 from ./data/GBPUSD_D1.csv
2025-09-10 17:35:04,086 - ERROR - Missing required columns in ./data/GBPUSD_D1.csv
2025-09-10 17:35:04,086 - WARNING - No data loaded from ./data/GBPUSD_D1.csv
2025-09-10 17:35:04,086 - INFO - Processing USDJPY H4 from ./data/USDJPY_H4.csv
2025-09-10 17:35:04,087 - ERROR - Missing required columns in ./data/USDJPY_H4.csv
2025-09-10 17:35:04,087 - WARNING - No data loaded from ./data/USDJPY_H4.csv
2025-09-10 17:35:04,087 - INFO - Processing GBPUSD H4 from ./data/GBPUSD_H4.csv
2025-09-10 17:35:04,088 - ERROR - Missing required columns in ./data/GBPUSD_H4.csv
2025-09-10 17:35:04,089 - WARNING - No data loaded from ./data/GBPUSD_H4.csv
2025-09-10 17:35:04,089 - INFO - Processing USDJPY H1 from ./data/USDJPY_H1.csv
2025-09-10 17:35:04,090 - ERROR - Missing required columns in ./data/USDJPY_H1.csv
2025-09-10 17:35:04,090 - WARNING - No data loaded from ./data/USDJPY_H1.csv
2025-09-10 17:35:04,090 - INFO - Processing EURUSD M1 from ./data/EURUSD_M1.csv
2025-09-10 17:35:04,117 - ERROR - Missing required columns in ./data/EURUSD_M1.csv
2025-09-10 17:35:04,118 - WARNING - No data loaded from ./data/EURUSD_M1.csv
2025-09-10 17:35:04,118 - INFO - Processing EURUSD H1 from ./data/EURUSD_H1.csv
2025-09-10 17:35:04,119 - ERROR - Missing required columns in ./data/EURUSD_H1.csv
2025-09-10 17:35:04,120 - WARNING - No data loaded from ./data/EURUSD_H1.csv
2025-09-10 17:35:04,120 - INFO - Processing GBPUSD M15 from ./data/GBPUSD_M15.csv
2025-09-10 17:35:04,123 - ERROR - Missing required columns in ./data/GBPUSD_M15.csv
2025-09-10 17:35:04,123 - WARNING - No data loaded from ./data/GBPUSD_M15.csv
2025-09-10 17:35:04,123 - INFO - Processing GBPUSD H1 from ./data/GBPUSD_H1.csv
2025-09-10 17:35:04,124 - ERROR - Missing required columns in ./data/GBPUSD_H1.csv
2025-09-10 17:35:04,125 - WARNING - No data loaded from ./data/GBPUSD_H1.csv
2025-09-10 17:35:04,125 - INFO - Processing USDJPY M5 from ./data/USDJPY_M5.csv
2025-09-10 17:35:04,132 - ERROR - Missing required columns in ./data/USDJPY_M5.csv
2025-09-10 17:35:04,132 - WARNING - No data loaded from ./data/USDJPY_M5.csv
2025-09-10 17:35:04,132 - WARNING - No results to save
2025-09-10 17:35:04,132 - INFO - Enhanced historical scan completed
2025-09-10 17:35:44,016 - INFO - Starting enhanced historical data scan...
2025-09-10 17:35:44,016 - INFO - Processing USDJPY M15 from ./data/USDJPY_M15.csv
2025-09-10 17:35:44,024 - INFO - Successfully loaded 2880 rows from ./data/USDJPY_M15.csv
2025-09-10 17:35:44,040 - INFO - Successfully loaded 720 rows from ./data/USDJPY_H1.csv
2025-09-10 17:35:44,053 - INFO - Successfully loaded 180 rows from ./data/USDJPY_H4.csv
2025-09-10 17:35:44,064 - INFO - Successfully loaded 30 rows from ./data/USDJPY_D1.csv
2025-09-10 17:35:53,796 - INFO - Processed USDJPY M15: found 1152 high-confidence setups
2025-09-10 17:35:53,798 - INFO - Processing EURUSD M5 from ./data/EURUSD_M5.csv
2025-09-10 17:35:53,807 - INFO - Successfully loaded 8640 rows from ./data/EURUSD_M5.csv
2025-09-10 17:35:53,829 - INFO - Successfully loaded 2880 rows from ./data/EURUSD_M15.csv
2025-09-10 17:35:53,843 - INFO - Successfully loaded 720 rows from ./data/EURUSD_H1.csv
2025-09-10 17:35:53,856 - INFO - Successfully loaded 180 rows from ./data/EURUSD_H4.csv
2025-09-10 17:36:34,000 - INFO - Processed EURUSD M5: found 6652 high-confidence setups
2025-09-10 17:36:34,006 - INFO - Processing USDJPY M1 from ./data/USDJPY_M1.csv
2025-09-10 17:36:34,045 - INFO - Successfully loaded 43200 rows from ./data/USDJPY_M1.csv
2025-09-10 17:36:34,100 - INFO - Successfully loaded 8640 rows from ./data/USDJPY_M5.csv
2025-09-10 17:36:34,121 - INFO - Successfully loaded 2880 rows from ./data/USDJPY_M15.csv
2025-09-10 17:36:34,135 - INFO - Successfully loaded 720 rows from ./data/USDJPY_H1.csv
2025-09-10 17:38:35,307 - INFO - Successfully loaded 30 rows from data/EURUSD_D1.csv
2025-09-10 17:38:35,309 - INFO - Successfully loaded 30 rows from data/EURUSD_D1.csv
2025-09-10 17:38:35,389 - INFO - Processed EURUSD D1: found 4 high-confidence setups
2025-09-10 17:40:31,933 - INFO - Successfully loaded 30 rows from data/EURUSD_D1.csv
2025-09-10 17:40:32,010 - INFO - Processed EURUSD D1: found 4 high-confidence setups
2025-09-10 17:40:32,011 - INFO - Successfully loaded 30 rows from data/GBPUSD_D1.csv
2025-09-10 17:40:32,075 - INFO - Processed GBPUSD D1: found 4 high-confidence setups
2025-09-10 17:40:32,077 - INFO - Successfully loaded 30 rows from data/USDJPY_D1.csv
2025-09-10 17:40:32,123 - INFO - Processed USDJPY D1: found 3 high-confidence setups
2025-09-10 17:40:32,126 - INFO - Detailed results saved to enhanced_setups_detailed_20250910_174032.csv
2025-09-10 17:40:32,127 - INFO - Summary saved to scan_summary_20250910_174032.csv
2025-09-10 17:40:32,128 - INFO - Pattern performance saved to pattern_performance_20250910_174032.csv
2025-09-10 17:40:32,128 - INFO - Live Trading Engine initialized
